

Started GET "/" for ::1 at 2015-09-15 10:32:30 -0600

ActiveRecord::PendingMigrationError (

Migrations are pending. To resolve this issue, run:

	bin/rake db:migrate RAILS_ENV=development

):
  activerecord (4.2.4) lib/active_record/migration.rb:392:in `check_pending!'
  activerecord (4.2.4) lib/active_record/migration.rb:373:in `call'
  actionpack (4.2.4) lib/action_dispatch/middleware/callbacks.rb:29:in `block in call'
  activesupport (4.2.4) lib/active_support/callbacks.rb:88:in `__run_callbacks__'
  activesupport (4.2.4) lib/active_support/callbacks.rb:778:in `_run_call_callbacks'
  activesupport (4.2.4) lib/active_support/callbacks.rb:81:in `run_callbacks'
  actionpack (4.2.4) lib/action_dispatch/middleware/callbacks.rb:27:in `call'
  actionpack (4.2.4) lib/action_dispatch/middleware/reloader.rb:73:in `call'
  actionpack (4.2.4) lib/action_dispatch/middleware/remote_ip.rb:78:in `call'
  actionpack (4.2.4) lib/action_dispatch/middleware/debug_exceptions.rb:17:in `call'
  actionpack (4.2.4) lib/action_dispatch/middleware/show_exceptions.rb:30:in `call'
  railties (4.2.4) lib/rails/rack/logger.rb:38:in `call_app'
  railties (4.2.4) lib/rails/rack/logger.rb:20:in `block in call'
  activesupport (4.2.4) lib/active_support/tagged_logging.rb:68:in `block in tagged'
  activesupport (4.2.4) lib/active_support/tagged_logging.rb:26:in `tagged'
  activesupport (4.2.4) lib/active_support/tagged_logging.rb:68:in `tagged'
  railties (4.2.4) lib/rails/rack/logger.rb:20:in `call'
  actionpack (4.2.4) lib/action_dispatch/middleware/request_id.rb:21:in `call'
  rack (1.6.4) lib/rack/methodoverride.rb:22:in `call'
  rack (1.6.4) lib/rack/runtime.rb:18:in `call'
  activesupport (4.2.4) lib/active_support/cache/strategy/local_cache_middleware.rb:28:in `call'
  rack (1.6.4) lib/rack/lock.rb:17:in `call'
  actionpack (4.2.4) lib/action_dispatch/middleware/static.rb:116:in `call'
  rack (1.6.4) lib/rack/sendfile.rb:113:in `call'
  railties (4.2.4) lib/rails/engine.rb:518:in `call'
  railties (4.2.4) lib/rails/application.rb:165:in `call'
  rack (1.6.4) lib/rack/lock.rb:17:in `call'
  rack (1.6.4) lib/rack/content_length.rb:15:in `call'
  rack (1.6.4) lib/rack/handler/webrick.rb:88:in `service'
  /Users/sarah/.rbenv/versions/2.2.3/lib/ruby/2.2.0/webrick/httpserver.rb:138:in `service'
  /Users/sarah/.rbenv/versions/2.2.3/lib/ruby/2.2.0/webrick/httpserver.rb:94:in `run'
  /Users/sarah/.rbenv/versions/2.2.3/lib/ruby/2.2.0/webrick/server.rb:294:in `block in start_thread'


  Rendered /Users/sarah/.rbenv/versions/2.2.3/lib/ruby/gems/2.2.0/gems/actionpack-4.2.4/lib/action_dispatch/middleware/templates/rescues/_source.erb (1.8ms)
  Rendered /Users/sarah/.rbenv/versions/2.2.3/lib/ruby/gems/2.2.0/gems/actionpack-4.2.4/lib/action_dispatch/middleware/templates/rescues/_trace.html.erb (1.2ms)
  Rendered /Users/sarah/.rbenv/versions/2.2.3/lib/ruby/gems/2.2.0/gems/actionpack-4.2.4/lib/action_dispatch/middleware/templates/rescues/_request_and_response.html.erb (0.8ms)
  Rendered /Users/sarah/.rbenv/versions/2.2.3/lib/ruby/gems/2.2.0/gems/actionpack-4.2.4/lib/action_dispatch/middleware/templates/rescues/diagnostics.html.erb within rescues/layout (61.6ms)
  [1m[36m (1.9ms)[0m  [1mCREATE TABLE "schema_migrations" ("version" varchar NOT NULL) [0m
  [1m[35m (0.1ms)[0m  select sqlite_version(*)
  [1m[36m (1.1ms)[0m  [1mCREATE UNIQUE INDEX "unique_schema_migrations" ON "schema_migrations" ("version")[0m
  [1m[35mActiveRecord::SchemaMigration Load (0.1ms)[0m  SELECT "schema_migrations".* FROM "schema_migrations"
Migrating to CreateStatuses (20150301054721)
  [1m[36m (0.2ms)[0m  [1mbegin transaction[0m
DEPRECATION WARNING: `#timestamps` was called without specifying an option for `null`. In Rails 5, this behavior will change to `null: false`. You should manually specify `null: true` to prevent the behavior of your existing migrations from changing. (called from block in change at /Users/sarah/rails_projects/StatusCheck/db/migrate/20150301054721_create_statuses.rb:7)
  [1m[35m (0.4ms)[0m  CREATE TABLE "statuses" ("id" INTEGER PRIMARY KEY AUTOINCREMENT NOT NULL, "state" boolean, "message" text, "created_at" datetime, "updated_at" datetime) 
  [1m[36mSQL (0.1ms)[0m  [1mINSERT INTO "schema_migrations" ("version") VALUES (?)[0m  [["version", "20150301054721"]]
  [1m[35m (0.8ms)[0m  commit transaction
Migrating to ChangeStateTypeInStatuses (20150301231336)
  [1m[36m (0.1ms)[0m  [1mbegin transaction[0m
  [1m[35m (0.4ms)[0m  CREATE TEMPORARY TABLE "astatuses" ("id" INTEGER PRIMARY KEY AUTOINCREMENT NOT NULL, "state" boolean, "message" text, "created_at" datetime, "updated_at" datetime) 
  [1m[36m (0.0ms)[0m  [1mSELECT * FROM "statuses"[0m
  [1m[35m (0.6ms)[0m  DROP TABLE "statuses"
  [1m[36m (0.3ms)[0m  [1mCREATE TABLE "statuses" ("id" INTEGER PRIMARY KEY AUTOINCREMENT NOT NULL, "state" integer DEFAULT 0, "message" text, "created_at" datetime, "updated_at" datetime) [0m
  [1m[35m (0.0ms)[0m  SELECT * FROM "astatuses"
  [1m[36m (0.2ms)[0m  [1mDROP TABLE "astatuses"[0m
  [1m[35mSQL (0.1ms)[0m  INSERT INTO "schema_migrations" ("version") VALUES (?)  [["version", "20150301231336"]]
  [1m[36m (0.9ms)[0m  [1mcommit transaction[0m
Migrating to FixupChangeStatusesMigration (20150302053208)
  [1m[35m (0.1ms)[0m  begin transaction
  [1m[36m (0.2ms)[0m  [1mCREATE TEMPORARY TABLE "astatuses" ("id" INTEGER PRIMARY KEY AUTOINCREMENT NOT NULL, "state" integer DEFAULT 0, "message" text, "created_at" datetime, "updated_at" datetime) [0m
  [1m[35m (0.0ms)[0m  SELECT * FROM "statuses"
  [1m[36m (0.2ms)[0m  [1mDROP TABLE "statuses"[0m
  [1m[35m (0.1ms)[0m  CREATE TABLE "statuses" ("id" INTEGER PRIMARY KEY AUTOINCREMENT NOT NULL, "state" integer, "message" text, "created_at" datetime, "updated_at" datetime) 
  [1m[36m (0.0ms)[0m  [1mSELECT * FROM "astatuses"[0m
  [1m[35m (0.1ms)[0m  DROP TABLE "astatuses"
  [1m[36mSQL (0.1ms)[0m  [1mINSERT INTO "schema_migrations" ("version") VALUES (?)[0m  [["version", "20150302053208"]]
  [1m[35m (0.7ms)[0m  commit transaction
  [1m[36mActiveRecord::SchemaMigration Load (0.1ms)[0m  [1mSELECT "schema_migrations".* FROM "schema_migrations"[0m


Started GET "/" for ::1 at 2015-09-15 10:32:49 -0600
  [1m[36mActiveRecord::SchemaMigration Load (0.1ms)[0m  [1mSELECT "schema_migrations".* FROM "schema_migrations"[0m
Processing by StatusesController#index as HTML
  [1m[35mStatus Load (0.3ms)[0m  SELECT  "statuses".* FROM "statuses"  ORDER BY "statuses"."created_at" DESC LIMIT 10
  Rendered statuses/index.html.haml within layouts/application (6.4ms)
Completed 200 OK in 2159ms (Views: 2146.2ms | ActiveRecord: 0.4ms)


Started GET "/assets/application.css?body=1" for ::1 at 2015-09-15 10:32:51 -0600


Started GET "/assets/jquery.js?body=1" for ::1 at 2015-09-15 10:32:51 -0600


Started GET "/assets/jquery_ujs.js?body=1" for ::1 at 2015-09-15 10:32:51 -0600


Started GET "/assets/bootstrap/affix.js?body=1" for ::1 at 2015-09-15 10:32:51 -0600


Started GET "/assets/turbolinks.js?body=1" for ::1 at 2015-09-15 10:32:51 -0600


Started GET "/assets/bootstrap/alert.js?body=1" for ::1 at 2015-09-15 10:32:51 -0600


Started GET "/assets/bootstrap/button.js?body=1" for ::1 at 2015-09-15 10:32:51 -0600


Started GET "/assets/bootstrap/carousel.js?body=1" for ::1 at 2015-09-15 10:32:51 -0600


Started GET "/assets/bootstrap/collapse.js?body=1" for ::1 at 2015-09-15 10:32:51 -0600


Started GET "/assets/bootstrap/dropdown.js?body=1" for ::1 at 2015-09-15 10:32:51 -0600


Started GET "/assets/bootstrap/tab.js?body=1" for ::1 at 2015-09-15 10:32:51 -0600


Started GET "/assets/bootstrap/transition.js?body=1" for ::1 at 2015-09-15 10:32:51 -0600


Started GET "/assets/bootstrap/scrollspy.js?body=1" for ::1 at 2015-09-15 10:32:51 -0600


Started GET "/assets/bootstrap/modal.js?body=1" for ::1 at 2015-09-15 10:32:51 -0600


Started GET "/assets/bootstrap/tooltip.js?body=1" for ::1 at 2015-09-15 10:32:51 -0600


Started GET "/assets/bootstrap/popover.js?body=1" for ::1 at 2015-09-15 10:32:51 -0600


Started GET "/assets/bootstrap-sprockets.js?body=1" for ::1 at 2015-09-15 10:32:51 -0600


Started GET "/assets/application.js?body=1" for ::1 at 2015-09-15 10:32:51 -0600


Started GET "/" for ::1 at 2015-09-15 10:39:23 -0600
Processing by StatusesController#index as HTML
  [1m[36mStatus Load (0.5ms)[0m  [1mSELECT  "statuses".* FROM "statuses"  ORDER BY "statuses"."created_at" DESC LIMIT 10[0m
  Rendered statuses/index.html.haml within layouts/application (2.8ms)
Completed 200 OK in 72ms (Views: 68.6ms | ActiveRecord: 0.6ms)


Started GET "/assets/application.css?body=1" for ::1 at 2015-09-15 10:39:23 -0600


Started GET "/assets/jquery.js?body=1" for ::1 at 2015-09-15 10:39:23 -0600


Started GET "/assets/turbolinks.js?body=1" for ::1 at 2015-09-15 10:39:23 -0600


Started GET "/assets/bootstrap/alert.js?body=1" for ::1 at 2015-09-15 10:39:23 -0600


Started GET "/assets/bootstrap/affix.js?body=1" for ::1 at 2015-09-15 10:39:23 -0600


Started GET "/assets/jquery_ujs.js?body=1" for ::1 at 2015-09-15 10:39:23 -0600


Started GET "/assets/bootstrap/button.js?body=1" for ::1 at 2015-09-15 10:39:23 -0600


Started GET "/assets/bootstrap/carousel.js?body=1" for ::1 at 2015-09-15 10:39:23 -0600


Started GET "/assets/bootstrap/collapse.js?body=1" for ::1 at 2015-09-15 10:39:23 -0600


Started GET "/assets/bootstrap/dropdown.js?body=1" for ::1 at 2015-09-15 10:39:23 -0600


Started GET "/assets/bootstrap/tab.js?body=1" for ::1 at 2015-09-15 10:39:23 -0600


Started GET "/assets/bootstrap/transition.js?body=1" for ::1 at 2015-09-15 10:39:24 -0600


Started GET "/assets/bootstrap/scrollspy.js?body=1" for ::1 at 2015-09-15 10:39:24 -0600


Started GET "/assets/bootstrap/modal.js?body=1" for ::1 at 2015-09-15 10:39:24 -0600


Started GET "/assets/bootstrap/tooltip.js?body=1" for ::1 at 2015-09-15 10:39:24 -0600


Started GET "/assets/bootstrap/popover.js?body=1" for ::1 at 2015-09-15 10:39:24 -0600


Started GET "/assets/bootstrap-sprockets.js?body=1" for ::1 at 2015-09-15 10:39:24 -0600


Started GET "/assets/application.js?body=1" for ::1 at 2015-09-15 10:39:24 -0600


Started GET "/" for ::1 at 2015-09-15 10:39:59 -0600
Processing by StatusesController#index as HTML
  [1m[35mStatus Load (0.3ms)[0m  SELECT  "statuses".* FROM "statuses"  ORDER BY "statuses"."created_at" DESC LIMIT 10
  Rendered statuses/index.html.haml within layouts/application (1.3ms)
Completed 200 OK in 68ms (Views: 64.1ms | ActiveRecord: 0.3ms)


Started GET "/assets/application.css?body=1" for ::1 at 2015-09-15 10:39:59 -0600


Started GET "/assets/bootstrap/affix.js?body=1" for ::1 at 2015-09-15 10:39:59 -0600


Started GET "/assets/jquery_ujs.js?body=1" for ::1 at 2015-09-15 10:39:59 -0600


Started GET "/assets/bootstrap/alert.js?body=1" for ::1 at 2015-09-15 10:39:59 -0600


Started GET "/assets/turbolinks.js?body=1" for ::1 at 2015-09-15 10:39:59 -0600


Started GET "/assets/jquery.js?body=1" for ::1 at 2015-09-15 10:39:59 -0600


Started GET "/assets/bootstrap/button.js?body=1" for ::1 at 2015-09-15 10:39:59 -0600


Started GET "/assets/bootstrap/carousel.js?body=1" for ::1 at 2015-09-15 10:39:59 -0600


Started GET "/assets/bootstrap/collapse.js?body=1" for ::1 at 2015-09-15 10:39:59 -0600


Started GET "/assets/bootstrap/dropdown.js?body=1" for ::1 at 2015-09-15 10:39:59 -0600


Started GET "/assets/bootstrap/transition.js?body=1" for ::1 at 2015-09-15 10:39:59 -0600


Started GET "/assets/bootstrap/tab.js?body=1" for ::1 at 2015-09-15 10:39:59 -0600


Started GET "/assets/bootstrap/scrollspy.js?body=1" for ::1 at 2015-09-15 10:39:59 -0600


Started GET "/assets/bootstrap/modal.js?body=1" for ::1 at 2015-09-15 10:39:59 -0600


Started GET "/assets/bootstrap/tooltip.js?body=1" for ::1 at 2015-09-15 10:39:59 -0600


Started GET "/assets/bootstrap/popover.js?body=1" for ::1 at 2015-09-15 10:39:59 -0600


Started GET "/assets/bootstrap-sprockets.js?body=1" for ::1 at 2015-09-15 10:39:59 -0600


Started GET "/assets/application.js?body=1" for ::1 at 2015-09-15 10:39:59 -0600


Started GET "/" for ::1 at 2015-09-15 10:40:24 -0600
Processing by StatusesController#index as HTML
  [1m[36mStatus Load (0.4ms)[0m  [1mSELECT  "statuses".* FROM "statuses"  ORDER BY "statuses"."created_at" DESC LIMIT 10[0m
  Rendered statuses/index.html.haml within layouts/application (1.6ms)
Completed 200 OK in 57ms (Views: 54.5ms | ActiveRecord: 0.5ms)


Started GET "/assets/jquery.js?body=1" for ::1 at 2015-09-15 10:40:24 -0600


Started GET "/assets/application.css?body=1" for ::1 at 2015-09-15 10:40:24 -0600


Started GET "/assets/jquery_ujs.js?body=1" for ::1 at 2015-09-15 10:40:24 -0600


Started GET "/assets/bootstrap/affix.js?body=1" for ::1 at 2015-09-15 10:40:24 -0600


Started GET "/assets/turbolinks.js?body=1" for ::1 at 2015-09-15 10:40:24 -0600


Started GET "/assets/bootstrap/button.js?body=1" for ::1 at 2015-09-15 10:40:24 -0600


Started GET "/assets/bootstrap/alert.js?body=1" for ::1 at 2015-09-15 10:40:24 -0600


Started GET "/assets/bootstrap/carousel.js?body=1" for ::1 at 2015-09-15 10:40:24 -0600


Started GET "/assets/bootstrap/collapse.js?body=1" for ::1 at 2015-09-15 10:40:24 -0600


Started GET "/assets/bootstrap/dropdown.js?body=1" for ::1 at 2015-09-15 10:40:24 -0600


Started GET "/assets/bootstrap/tab.js?body=1" for ::1 at 2015-09-15 10:40:24 -0600


Started GET "/assets/bootstrap/transition.js?body=1" for ::1 at 2015-09-15 10:40:24 -0600


Started GET "/assets/bootstrap/scrollspy.js?body=1" for ::1 at 2015-09-15 10:40:24 -0600


Started GET "/assets/bootstrap/modal.js?body=1" for ::1 at 2015-09-15 10:40:24 -0600


Started GET "/assets/bootstrap/tooltip.js?body=1" for ::1 at 2015-09-15 10:40:24 -0600


Started GET "/assets/bootstrap/popover.js?body=1" for ::1 at 2015-09-15 10:40:24 -0600


Started GET "/assets/bootstrap-sprockets.js?body=1" for ::1 at 2015-09-15 10:40:24 -0600


Started GET "/assets/application.js?body=1" for ::1 at 2015-09-15 10:40:24 -0600


Started POST "/statuses.json" for 127.0.0.1 at 2015-09-15 10:40:40 -0600
Processing by StatusesController#create as JSON
  Parameters: {"status"=>{"state"=>"0", "message"=>"Whoop there it is!"}}
  [1m[35m (0.1ms)[0m  begin transaction
  [1m[36mSQL (1.7ms)[0m  [1mINSERT INTO "statuses" ("state", "message", "created_at", "updated_at") VALUES (?, ?, ?, ?)[0m  [["state", 0], ["message", "Whoop there it is!"], ["created_at", "2015-09-15 16:40:40.167765"], ["updated_at", "2015-09-15 16:40:40.167765"]]
  [1m[35m (0.8ms)[0m  commit transaction
Completed 500 Internal Server Error in 20ms (ActiveRecord: 2.9ms)

ActionView::MissingTemplate (Missing template statuses/show, application/show with {:locale=>[:en], :formats=>[:json], :variants=>[], :handlers=>[:erb, :builder, :raw, :ruby, :coffee, :jbuilder, :haml]}. Searched in:
  * "/Users/sarah/rails_projects/StatusCheck/app/views"
):
  app/controllers/statuses_controller.rb:17:in `block (2 levels) in create'
  app/controllers/statuses_controller.rb:15:in `create'


  Rendered /Users/sarah/.rbenv/versions/2.2.3/lib/ruby/gems/2.2.0/gems/actionpack-4.2.4/lib/action_dispatch/middleware/templates/rescues/_source.erb (4.9ms)
  Rendered /Users/sarah/.rbenv/versions/2.2.3/lib/ruby/gems/2.2.0/gems/actionpack-4.2.4/lib/action_dispatch/middleware/templates/rescues/_trace.html.erb (3.9ms)
  Rendered /Users/sarah/.rbenv/versions/2.2.3/lib/ruby/gems/2.2.0/gems/actionpack-4.2.4/lib/action_dispatch/middleware/templates/rescues/_request_and_response.html.erb (1.5ms)
  Rendered /Users/sarah/.rbenv/versions/2.2.3/lib/ruby/gems/2.2.0/gems/actionpack-4.2.4/lib/action_dispatch/middleware/templates/rescues/missing_template.html.erb within rescues/layout (64.5ms)


Started POST "/statuses.json" for 127.0.0.1 at 2015-09-15 10:41:49 -0600
Processing by StatusesController#create as JSON
  Parameters: {"status"=>{"state"=>"0", "message"=>"Whoop there it is!"}}
  [1m[36m (0.1ms)[0m  [1mbegin transaction[0m
  [1m[35mSQL (0.3ms)[0m  INSERT INTO "statuses" ("state", "message", "created_at", "updated_at") VALUES (?, ?, ?, ?)  [["state", 0], ["message", "Whoop there it is!"], ["created_at", "2015-09-15 16:41:49.375542"], ["updated_at", "2015-09-15 16:41:49.375542"]]
  [1m[36m (0.7ms)[0m  [1mcommit transaction[0m
  Rendered statuses/show.json.jbuilder (4.3ms)
Completed 201 Created in 12ms (Views: 8.8ms | ActiveRecord: 1.1ms)


Started GET "/" for ::1 at 2015-09-15 10:41:55 -0600
Processing by StatusesController#index as HTML
  [1m[35mStatus Load (0.3ms)[0m  SELECT  "statuses".* FROM "statuses"  ORDER BY "statuses"."created_at" DESC LIMIT 10
  Rendered statuses/index.html.haml within layouts/application (1.8ms)
Completed 200 OK in 68ms (Views: 67.0ms | ActiveRecord: 0.3ms)


Started GET "/assets/turbolinks.js?body=1" for ::1 at 2015-09-15 10:41:55 -0600


Started GET "/assets/application.css?body=1" for ::1 at 2015-09-15 10:41:55 -0600


Started GET "/assets/bootstrap/alert.js?body=1" for ::1 at 2015-09-15 10:41:55 -0600


Started GET "/assets/jquery.js?body=1" for ::1 at 2015-09-15 10:41:55 -0600


Started GET "/assets/jquery_ujs.js?body=1" for ::1 at 2015-09-15 10:41:55 -0600


Started GET "/assets/bootstrap/affix.js?body=1" for ::1 at 2015-09-15 10:41:55 -0600


Started GET "/assets/bootstrap/button.js?body=1" for ::1 at 2015-09-15 10:41:55 -0600


Started GET "/assets/bootstrap/carousel.js?body=1" for ::1 at 2015-09-15 10:41:55 -0600


Started GET "/assets/bootstrap/collapse.js?body=1" for ::1 at 2015-09-15 10:41:55 -0600


Started GET "/assets/bootstrap/dropdown.js?body=1" for ::1 at 2015-09-15 10:41:55 -0600


Started GET "/assets/bootstrap/tab.js?body=1" for ::1 at 2015-09-15 10:41:55 -0600


Started GET "/assets/bootstrap/transition.js?body=1" for ::1 at 2015-09-15 10:41:55 -0600


Started GET "/assets/bootstrap/scrollspy.js?body=1" for ::1 at 2015-09-15 10:41:55 -0600


Started GET "/assets/bootstrap/modal.js?body=1" for ::1 at 2015-09-15 10:41:55 -0600


Started GET "/assets/bootstrap/tooltip.js?body=1" for ::1 at 2015-09-15 10:41:55 -0600


Started GET "/assets/bootstrap/popover.js?body=1" for ::1 at 2015-09-15 10:41:55 -0600


Started GET "/assets/bootstrap-sprockets.js?body=1" for ::1 at 2015-09-15 10:41:55 -0600


Started GET "/assets/application.js?body=1" for ::1 at 2015-09-15 10:41:55 -0600


Started POST "/statuses.json" for 127.0.0.1 at 2015-09-15 10:42:45 -0600
Processing by StatusesController#create as JSON
  Parameters: {"status"=>{"state"=>"0", "message"=>"Whoop there it is!"}}
  [1m[36m (0.0ms)[0m  [1mbegin transaction[0m
  [1m[35mSQL (0.3ms)[0m  INSERT INTO "statuses" ("state", "message", "created_at", "updated_at") VALUES (?, ?, ?, ?)  [["state", 0], ["message", "Whoop there it is!"], ["created_at", "2015-09-15 16:42:45.062096"], ["updated_at", "2015-09-15 16:42:45.062096"]]
  [1m[36m (0.7ms)[0m  [1mcommit transaction[0m
  Rendered statuses/index.json.jbuilder (0.4ms)
Completed 201 Created in 12ms (Views: 5.6ms | ActiveRecord: 1.6ms)


Started GET "/" for ::1 at 2015-09-15 10:42:53 -0600
Processing by StatusesController#index as HTML
  [1m[35mStatus Load (0.2ms)[0m  SELECT  "statuses".* FROM "statuses"  ORDER BY "statuses"."created_at" DESC LIMIT 10
  Rendered statuses/index.html.haml within layouts/application (1.2ms)
Completed 200 OK in 67ms (Views: 66.3ms | ActiveRecord: 0.2ms)


Started GET "/assets/application.css?body=1" for ::1 at 2015-09-15 10:42:53 -0600


Started GET "/assets/bootstrap/alert.js?body=1" for ::1 at 2015-09-15 10:42:53 -0600


Started GET "/assets/jquery_ujs.js?body=1" for ::1 at 2015-09-15 10:42:53 -0600


Started GET "/assets/bootstrap/affix.js?body=1" for ::1 at 2015-09-15 10:42:53 -0600


Started GET "/assets/turbolinks.js?body=1" for ::1 at 2015-09-15 10:42:53 -0600


Started GET "/assets/jquery.js?body=1" for ::1 at 2015-09-15 10:42:53 -0600


Started GET "/assets/bootstrap/carousel.js?body=1" for ::1 at 2015-09-15 10:42:53 -0600


Started GET "/assets/bootstrap/button.js?body=1" for ::1 at 2015-09-15 10:42:53 -0600


Started GET "/assets/bootstrap/dropdown.js?body=1" for ::1 at 2015-09-15 10:42:53 -0600


Started GET "/assets/bootstrap/collapse.js?body=1" for ::1 at 2015-09-15 10:42:53 -0600


Started GET "/assets/bootstrap/scrollspy.js?body=1" for ::1 at 2015-09-15 10:42:53 -0600


Started GET "/assets/bootstrap/transition.js?body=1" for ::1 at 2015-09-15 10:42:53 -0600


Started GET "/assets/bootstrap/tab.js?body=1" for ::1 at 2015-09-15 10:42:53 -0600


Started GET "/assets/bootstrap/modal.js?body=1" for ::1 at 2015-09-15 10:42:53 -0600


Started GET "/assets/bootstrap/tooltip.js?body=1" for ::1 at 2015-09-15 10:42:53 -0600


Started GET "/assets/bootstrap/popover.js?body=1" for ::1 at 2015-09-15 10:42:53 -0600


Started GET "/assets/application.js?body=1" for ::1 at 2015-09-15 10:42:53 -0600


Started GET "/assets/bootstrap-sprockets.js?body=1" for ::1 at 2015-09-15 10:42:53 -0600


Started GET "/" for ::1 at 2015-09-15 10:43:29 -0600
Processing by StatusesController#index as HTML
  [1m[36mStatus Load (0.3ms)[0m  [1mSELECT  "statuses".* FROM "statuses"  ORDER BY "statuses"."created_at" DESC LIMIT 10[0m
  Rendered statuses/index.html.haml within layouts/application (3.6ms)
Completed 200 OK in 59ms (Views: 55.2ms | ActiveRecord: 0.5ms)


Started GET "/assets/application.css?body=1" for ::1 at 2015-09-15 10:43:29 -0600


Started GET "/assets/bootstrap/affix.js?body=1" for ::1 at 2015-09-15 10:43:29 -0600


Started GET "/assets/jquery.js?body=1" for ::1 at 2015-09-15 10:43:29 -0600


Started GET "/assets/turbolinks.js?body=1" for ::1 at 2015-09-15 10:43:29 -0600


Started GET "/assets/jquery_ujs.js?body=1" for ::1 at 2015-09-15 10:43:29 -0600


Started GET "/assets/bootstrap/alert.js?body=1" for ::1 at 2015-09-15 10:43:29 -0600


Started GET "/assets/bootstrap/carousel.js?body=1" for ::1 at 2015-09-15 10:43:29 -0600


Started GET "/assets/bootstrap/button.js?body=1" for ::1 at 2015-09-15 10:43:29 -0600


Started GET "/assets/bootstrap/dropdown.js?body=1" for ::1 at 2015-09-15 10:43:29 -0600


Started GET "/assets/bootstrap/collapse.js?body=1" for ::1 at 2015-09-15 10:43:29 -0600


Started GET "/assets/bootstrap/tab.js?body=1" for ::1 at 2015-09-15 10:43:29 -0600


Started GET "/assets/bootstrap/scrollspy.js?body=1" for ::1 at 2015-09-15 10:43:29 -0600


Started GET "/assets/bootstrap/transition.js?body=1" for ::1 at 2015-09-15 10:43:29 -0600


Started GET "/assets/bootstrap/modal.js?body=1" for ::1 at 2015-09-15 10:43:29 -0600


Started GET "/assets/bootstrap/tooltip.js?body=1" for ::1 at 2015-09-15 10:43:29 -0600


Started GET "/assets/bootstrap/popover.js?body=1" for ::1 at 2015-09-15 10:43:29 -0600


Started GET "/assets/application.js?body=1" for ::1 at 2015-09-15 10:43:29 -0600


Started GET "/assets/bootstrap-sprockets.js?body=1" for ::1 at 2015-09-15 10:43:29 -0600


Started POST "/statuses.json" for 127.0.0.1 at 2015-09-15 10:43:31 -0600
Processing by StatusesController#create as JSON
  Parameters: {"status"=>{"state"=>"0", "message"=>"Whoop there it is!"}}
  [1m[35m (0.1ms)[0m  begin transaction
  [1m[36mSQL (0.7ms)[0m  [1mINSERT INTO "statuses" ("state", "message", "created_at", "updated_at") VALUES (?, ?, ?, ?)[0m  [["state", 0], ["message", "Whoop there it is!"], ["created_at", "2015-09-15 16:43:31.903730"], ["updated_at", "2015-09-15 16:43:31.903730"]]
  [1m[35m (0.9ms)[0m  commit transaction
  Rendered statuses/index.json.jbuilder (0.1ms)
Completed 201 Created in 11ms (Views: 5.1ms | ActiveRecord: 1.7ms)


Started GET "/" for ::1 at 2015-09-15 10:43:33 -0600
Processing by StatusesController#index as HTML
  [1m[36mStatus Load (0.2ms)[0m  [1mSELECT  "statuses".* FROM "statuses"  ORDER BY "statuses"."created_at" DESC LIMIT 10[0m
  Rendered statuses/index.html.haml within layouts/application (1.2ms)
Completed 200 OK in 65ms (Views: 64.6ms | ActiveRecord: 0.2ms)


Started GET "/assets/application.css?body=1" for ::1 at 2015-09-15 10:43:33 -0600


Started GET "/assets/jquery.js?body=1" for ::1 at 2015-09-15 10:43:33 -0600


Started GET "/assets/turbolinks.js?body=1" for ::1 at 2015-09-15 10:43:33 -0600


Started GET "/assets/jquery_ujs.js?body=1" for ::1 at 2015-09-15 10:43:33 -0600


Started GET "/assets/bootstrap/affix.js?body=1" for ::1 at 2015-09-15 10:43:33 -0600


Started GET "/assets/bootstrap/alert.js?body=1" for ::1 at 2015-09-15 10:43:33 -0600


Started GET "/assets/bootstrap/button.js?body=1" for ::1 at 2015-09-15 10:43:33 -0600


Started GET "/assets/bootstrap/carousel.js?body=1" for ::1 at 2015-09-15 10:43:33 -0600


Started GET "/assets/bootstrap/dropdown.js?body=1" for ::1 at 2015-09-15 10:43:33 -0600


Started GET "/assets/bootstrap/collapse.js?body=1" for ::1 at 2015-09-15 10:43:33 -0600


Started GET "/assets/bootstrap/transition.js?body=1" for ::1 at 2015-09-15 10:43:33 -0600


Started GET "/assets/bootstrap/tab.js?body=1" for ::1 at 2015-09-15 10:43:33 -0600


Started GET "/assets/bootstrap/scrollspy.js?body=1" for ::1 at 2015-09-15 10:43:33 -0600


Started GET "/assets/bootstrap/modal.js?body=1" for ::1 at 2015-09-15 10:43:33 -0600


Started GET "/assets/bootstrap/tooltip.js?body=1" for ::1 at 2015-09-15 10:43:33 -0600


Started GET "/assets/bootstrap-sprockets.js?body=1" for ::1 at 2015-09-15 10:43:33 -0600


Started GET "/assets/bootstrap/popover.js?body=1" for ::1 at 2015-09-15 10:43:33 -0600


Started GET "/assets/application.js?body=1" for ::1 at 2015-09-15 10:43:33 -0600


Started GET "/" for ::1 at 2015-09-15 10:44:46 -0600
Processing by StatusesController#index as HTML
  [1m[35mStatus Load (0.2ms)[0m  SELECT  "statuses".* FROM "statuses"  ORDER BY "statuses"."created_at" DESC LIMIT 10
  Rendered statuses/index.html.haml within layouts/application (4.3ms)
Completed 200 OK in 63ms (Views: 61.9ms | ActiveRecord: 0.2ms)


Started GET "/assets/application.css?body=1" for ::1 at 2015-09-15 10:44:46 -0600


Started GET "/assets/turbolinks.js?body=1" for ::1 at 2015-09-15 10:44:46 -0600


Started GET "/assets/jquery_ujs.js?body=1" for ::1 at 2015-09-15 10:44:46 -0600


Started GET "/assets/bootstrap/alert.js?body=1" for ::1 at 2015-09-15 10:44:46 -0600


Started GET "/assets/jquery.js?body=1" for ::1 at 2015-09-15 10:44:46 -0600


Started GET "/assets/bootstrap/affix.js?body=1" for ::1 at 2015-09-15 10:44:46 -0600


Started GET "/assets/bootstrap/button.js?body=1" for ::1 at 2015-09-15 10:44:46 -0600


Started GET "/assets/bootstrap/carousel.js?body=1" for ::1 at 2015-09-15 10:44:46 -0600


Started GET "/assets/bootstrap/collapse.js?body=1" for ::1 at 2015-09-15 10:44:46 -0600


Started GET "/assets/bootstrap/dropdown.js?body=1" for ::1 at 2015-09-15 10:44:46 -0600


Started GET "/assets/bootstrap/tab.js?body=1" for ::1 at 2015-09-15 10:44:46 -0600


Started GET "/assets/bootstrap/transition.js?body=1" for ::1 at 2015-09-15 10:44:46 -0600


Started GET "/assets/bootstrap/scrollspy.js?body=1" for ::1 at 2015-09-15 10:44:46 -0600


Started GET "/assets/bootstrap/modal.js?body=1" for ::1 at 2015-09-15 10:44:46 -0600


Started GET "/assets/bootstrap/tooltip.js?body=1" for ::1 at 2015-09-15 10:44:46 -0600


Started GET "/assets/bootstrap/popover.js?body=1" for ::1 at 2015-09-15 10:44:46 -0600


Started GET "/assets/bootstrap-sprockets.js?body=1" for ::1 at 2015-09-15 10:44:46 -0600


Started GET "/assets/application.js?body=1" for ::1 at 2015-09-15 10:44:46 -0600


Started GET "/" for ::1 at 2015-09-15 10:45:01 -0600
Processing by StatusesController#index as HTML
  [1m[36mStatus Load (0.2ms)[0m  [1mSELECT  "statuses".* FROM "statuses"  ORDER BY "statuses"."created_at" DESC LIMIT 10[0m
  Rendered statuses/index.html.haml within layouts/application (1.3ms)
Completed 200 OK in 56ms (Views: 55.3ms | ActiveRecord: 0.2ms)


Started GET "/assets/application.css?body=1" for ::1 at 2015-09-15 10:45:01 -0600


Started GET "/assets/jquery_ujs.js?body=1" for ::1 at 2015-09-15 10:45:01 -0600


Started GET "/assets/bootstrap/alert.js?body=1" for ::1 at 2015-09-15 10:45:01 -0600


Started GET "/assets/bootstrap/affix.js?body=1" for ::1 at 2015-09-15 10:45:01 -0600


Started GET "/assets/jquery.js?body=1" for ::1 at 2015-09-15 10:45:01 -0600


Started GET "/assets/turbolinks.js?body=1" for ::1 at 2015-09-15 10:45:01 -0600


Started GET "/assets/bootstrap/button.js?body=1" for ::1 at 2015-09-15 10:45:01 -0600


Started GET "/assets/bootstrap/carousel.js?body=1" for ::1 at 2015-09-15 10:45:01 -0600


Started GET "/assets/bootstrap/collapse.js?body=1" for ::1 at 2015-09-15 10:45:01 -0600


Started GET "/assets/bootstrap/dropdown.js?body=1" for ::1 at 2015-09-15 10:45:01 -0600


Started GET "/assets/bootstrap/tab.js?body=1" for ::1 at 2015-09-15 10:45:01 -0600


Started GET "/assets/bootstrap/scrollspy.js?body=1" for ::1 at 2015-09-15 10:45:01 -0600


Started GET "/assets/bootstrap/transition.js?body=1" for ::1 at 2015-09-15 10:45:01 -0600


Started GET "/assets/bootstrap/modal.js?body=1" for ::1 at 2015-09-15 10:45:01 -0600


Started GET "/assets/bootstrap/tooltip.js?body=1" for ::1 at 2015-09-15 10:45:01 -0600


Started GET "/assets/bootstrap/popover.js?body=1" for ::1 at 2015-09-15 10:45:01 -0600


Started GET "/assets/bootstrap-sprockets.js?body=1" for ::1 at 2015-09-15 10:45:01 -0600


Started GET "/assets/application.js?body=1" for ::1 at 2015-09-15 10:45:01 -0600


Started GET "/" for ::1 at 2015-09-15 10:45:25 -0600
Processing by StatusesController#index as HTML
  [1m[35mStatus Load (0.3ms)[0m  SELECT  "statuses".* FROM "statuses"  ORDER BY "statuses"."created_at" DESC LIMIT 10
  Rendered statuses/index.html.haml within layouts/application (4.3ms)
Completed 200 OK in 59ms (Views: 57.9ms | ActiveRecord: 0.3ms)


Started GET "/assets/application.css?body=1" for ::1 at 2015-09-15 10:45:25 -0600


Started GET "/assets/jquery_ujs.js?body=1" for ::1 at 2015-09-15 10:45:25 -0600


Started GET "/assets/bootstrap/alert.js?body=1" for ::1 at 2015-09-15 10:45:25 -0600


Started GET "/assets/turbolinks.js?body=1" for ::1 at 2015-09-15 10:45:25 -0600


Started GET "/assets/bootstrap/affix.js?body=1" for ::1 at 2015-09-15 10:45:25 -0600


Started GET "/assets/jquery.js?body=1" for ::1 at 2015-09-15 10:45:25 -0600


Started GET "/assets/bootstrap/button.js?body=1" for ::1 at 2015-09-15 10:45:25 -0600


Started GET "/assets/bootstrap/carousel.js?body=1" for ::1 at 2015-09-15 10:45:25 -0600


Started GET "/assets/bootstrap/tab.js?body=1" for ::1 at 2015-09-15 10:45:25 -0600


Started GET "/assets/bootstrap/collapse.js?body=1" for ::1 at 2015-09-15 10:45:25 -0600


Started GET "/assets/bootstrap/dropdown.js?body=1" for ::1 at 2015-09-15 10:45:25 -0600


Started GET "/assets/bootstrap/transition.js?body=1" for ::1 at 2015-09-15 10:45:25 -0600


Started GET "/assets/bootstrap/scrollspy.js?body=1" for ::1 at 2015-09-15 10:45:25 -0600


Started GET "/assets/bootstrap/modal.js?body=1" for ::1 at 2015-09-15 10:45:25 -0600


Started GET "/assets/bootstrap/popover.js?body=1" for ::1 at 2015-09-15 10:45:25 -0600


Started GET "/assets/bootstrap/tooltip.js?body=1" for ::1 at 2015-09-15 10:45:25 -0600


Started GET "/assets/bootstrap-sprockets.js?body=1" for ::1 at 2015-09-15 10:45:25 -0600


Started GET "/assets/application.js?body=1" for ::1 at 2015-09-15 10:45:25 -0600


Started POST "/statuses.json" for 127.0.0.1 at 2015-09-17 14:32:59 -0600

PG::ConnectionBad (could not connect to server: No such file or directory
	Is the server running locally and accepting
	connections on Unix domain socket "/tmp/.s.PGSQL.5432"?
):
  activerecord (4.2.4) lib/active_record/connection_adapters/postgresql_adapter.rb:655:in `initialize'
  activerecord (4.2.4) lib/active_record/connection_adapters/postgresql_adapter.rb:655:in `new'
  activerecord (4.2.4) lib/active_record/connection_adapters/postgresql_adapter.rb:655:in `connect'
  activerecord (4.2.4) lib/active_record/connection_adapters/postgresql_adapter.rb:242:in `initialize'
  activerecord (4.2.4) lib/active_record/connection_adapters/postgresql_adapter.rb:44:in `new'
  activerecord (4.2.4) lib/active_record/connection_adapters/postgresql_adapter.rb:44:in `postgresql_connection'
  activerecord (4.2.4) lib/active_record/connection_adapters/abstract/connection_pool.rb:438:in `new_connection'
  activerecord (4.2.4) lib/active_record/connection_adapters/abstract/connection_pool.rb:448:in `checkout_new_connection'
  activerecord (4.2.4) lib/active_record/connection_adapters/abstract/connection_pool.rb:422:in `acquire_connection'
  activerecord (4.2.4) lib/active_record/connection_adapters/abstract/connection_pool.rb:349:in `block in checkout'
  /Users/sarah/.rbenv/versions/2.2.3/lib/ruby/2.2.0/monitor.rb:211:in `mon_synchronize'
  activerecord (4.2.4) lib/active_record/connection_adapters/abstract/connection_pool.rb:348:in `checkout'
  activerecord (4.2.4) lib/active_record/connection_adapters/abstract/connection_pool.rb:263:in `block in connection'
  /Users/sarah/.rbenv/versions/2.2.3/lib/ruby/2.2.0/monitor.rb:211:in `mon_synchronize'
  activerecord (4.2.4) lib/active_record/connection_adapters/abstract/connection_pool.rb:262:in `connection'
  activerecord (4.2.4) lib/active_record/connection_adapters/abstract/connection_pool.rb:571:in `retrieve_connection'
  activerecord (4.2.4) lib/active_record/connection_handling.rb:113:in `retrieve_connection'
  activerecord (4.2.4) lib/active_record/connection_handling.rb:87:in `connection'
  activerecord (4.2.4) lib/active_record/migration.rb:383:in `connection'
  activerecord (4.2.4) lib/active_record/migration.rb:370:in `call'
  actionpack (4.2.4) lib/action_dispatch/middleware/callbacks.rb:29:in `block in call'
  activesupport (4.2.4) lib/active_support/callbacks.rb:88:in `__run_callbacks__'
  activesupport (4.2.4) lib/active_support/callbacks.rb:778:in `_run_call_callbacks'
  activesupport (4.2.4) lib/active_support/callbacks.rb:81:in `run_callbacks'
  actionpack (4.2.4) lib/action_dispatch/middleware/callbacks.rb:27:in `call'
  actionpack (4.2.4) lib/action_dispatch/middleware/reloader.rb:73:in `call'
  actionpack (4.2.4) lib/action_dispatch/middleware/remote_ip.rb:78:in `call'
  actionpack (4.2.4) lib/action_dispatch/middleware/debug_exceptions.rb:17:in `call'
  actionpack (4.2.4) lib/action_dispatch/middleware/show_exceptions.rb:30:in `call'
  railties (4.2.4) lib/rails/rack/logger.rb:38:in `call_app'
  railties (4.2.4) lib/rails/rack/logger.rb:20:in `block in call'
  activesupport (4.2.4) lib/active_support/tagged_logging.rb:68:in `block in tagged'
  activesupport (4.2.4) lib/active_support/tagged_logging.rb:26:in `tagged'
  activesupport (4.2.4) lib/active_support/tagged_logging.rb:68:in `tagged'
  railties (4.2.4) lib/rails/rack/logger.rb:20:in `call'
  actionpack (4.2.4) lib/action_dispatch/middleware/request_id.rb:21:in `call'
  rack (1.6.4) lib/rack/methodoverride.rb:22:in `call'
  rack (1.6.4) lib/rack/runtime.rb:18:in `call'
  activesupport (4.2.4) lib/active_support/cache/strategy/local_cache_middleware.rb:28:in `call'
  rack (1.6.4) lib/rack/lock.rb:17:in `call'
  actionpack (4.2.4) lib/action_dispatch/middleware/static.rb:116:in `call'
  rack (1.6.4) lib/rack/sendfile.rb:113:in `call'
  railties (4.2.4) lib/rails/engine.rb:518:in `call'
  railties (4.2.4) lib/rails/application.rb:165:in `call'
  rack (1.6.4) lib/rack/lock.rb:17:in `call'
  rack (1.6.4) lib/rack/content_length.rb:15:in `call'
  rack (1.6.4) lib/rack/handler/webrick.rb:88:in `service'
  /Users/sarah/.rbenv/versions/2.2.3/lib/ruby/2.2.0/webrick/httpserver.rb:138:in `service'
  /Users/sarah/.rbenv/versions/2.2.3/lib/ruby/2.2.0/webrick/httpserver.rb:94:in `run'
  /Users/sarah/.rbenv/versions/2.2.3/lib/ruby/2.2.0/webrick/server.rb:294:in `block in start_thread'


  Rendered /Users/sarah/.rbenv/versions/2.2.3/lib/ruby/gems/2.2.0/gems/actionpack-4.2.4/lib/action_dispatch/middleware/templates/rescues/_source.erb (5.9ms)
  Rendered /Users/sarah/.rbenv/versions/2.2.3/lib/ruby/gems/2.2.0/gems/actionpack-4.2.4/lib/action_dispatch/middleware/templates/rescues/_trace.html.erb (4.4ms)
  Rendered /Users/sarah/.rbenv/versions/2.2.3/lib/ruby/gems/2.2.0/gems/actionpack-4.2.4/lib/action_dispatch/middleware/templates/rescues/_request_and_response.html.erb (1.2ms)
  Rendered /Users/sarah/.rbenv/versions/2.2.3/lib/ruby/gems/2.2.0/gems/actionpack-4.2.4/lib/action_dispatch/middleware/templates/rescues/diagnostics.html.erb within rescues/layout (71.6ms)
  [1m[36mActiveRecord::SchemaMigration Load (3.6ms)[0m  [1mSELECT "schema_migrations".* FROM "schema_migrations"[0m
Migrating to CreateApiKeys (20150917214453)
  [1m[35m (0.1ms)[0m  BEGIN
  [1m[36m (30.0ms)[0m  [1mCREATE TABLE "api_keys" ("id" serial primary key, "access_token" character varying, "created_at" timestamp NOT NULL, "updated_at" timestamp NOT NULL) [0m
  [1m[35mSQL (0.7ms)[0m  INSERT INTO "schema_migrations" ("version") VALUES ($1)  [["version", "20150917214453"]]
  [1m[36m (74.4ms)[0m  [1mCOMMIT[0m
  [1m[35mActiveRecord::SchemaMigration Load (0.4ms)[0m  SELECT "schema_migrations".* FROM "schema_migrations"
  [1m[36m (3.2ms)[0m  [1mSELECT t2.oid::regclass::text AS to_table, a1.attname AS column, a2.attname AS primary_key, c.conname AS name, c.confupdtype AS on_update, c.confdeltype AS on_delete
FROM pg_constraint c
JOIN pg_class t1 ON c.conrelid = t1.oid
JOIN pg_class t2 ON c.confrelid = t2.oid
JOIN pg_attribute a1 ON a1.attnum = c.conkey[1] AND a1.attrelid = t1.oid
JOIN pg_attribute a2 ON a2.attnum = c.confkey[1] AND a2.attrelid = t2.oid
JOIN pg_namespace t3 ON c.connamespace = t3.oid
WHERE c.contype = 'f'
  AND t1.relname = 'api_keys'
  AND t3.nspname = ANY (current_schemas(false))
ORDER BY c.conname
[0m
  [1m[35m (2.4ms)[0m  SELECT t2.oid::regclass::text AS to_table, a1.attname AS column, a2.attname AS primary_key, c.conname AS name, c.confupdtype AS on_update, c.confdeltype AS on_delete
FROM pg_constraint c
JOIN pg_class t1 ON c.conrelid = t1.oid
JOIN pg_class t2 ON c.confrelid = t2.oid
JOIN pg_attribute a1 ON a1.attnum = c.conkey[1] AND a1.attrelid = t1.oid
JOIN pg_attribute a2 ON a2.attnum = c.confkey[1] AND a2.attrelid = t2.oid
JOIN pg_namespace t3 ON c.connamespace = t3.oid
WHERE c.contype = 'f'
  AND t1.relname = 'statuses'
  AND t3.nspname = ANY (current_schemas(false))
ORDER BY c.conname



Started POST "/api/v1/statuses.json" for 127.0.0.1 at 2015-09-17 16:34:08 -0600
  [1m[36mActiveRecord::SchemaMigration Load (0.4ms)[0m  [1mSELECT "schema_migrations".* FROM "schema_migrations"[0m

ActionController::RoutingError (uninitialized constant ApplicationController):
  app/controllers/api/v1/statuses_controller.rb:1:in `<top (required)>'


  Rendered /Users/sarah/.rbenv/versions/2.2.3/lib/ruby/gems/2.2.0/gems/actionpack-4.2.4/lib/action_dispatch/middleware/templates/rescues/_trace.html.erb (2.1ms)
  Rendered /Users/sarah/.rbenv/versions/2.2.3/lib/ruby/gems/2.2.0/gems/actionpack-4.2.4/lib/action_dispatch/middleware/templates/routes/_route.html.erb (1.2ms)
  Rendered /Users/sarah/.rbenv/versions/2.2.3/lib/ruby/gems/2.2.0/gems/actionpack-4.2.4/lib/action_dispatch/middleware/templates/routes/_table.html.erb (4.9ms)
  Rendered /Users/sarah/.rbenv/versions/2.2.3/lib/ruby/gems/2.2.0/gems/actionpack-4.2.4/lib/action_dispatch/middleware/templates/rescues/_request_and_response.html.erb (9.1ms)
  Rendered /Users/sarah/.rbenv/versions/2.2.3/lib/ruby/gems/2.2.0/gems/actionpack-4.2.4/lib/action_dispatch/middleware/templates/rescues/routing_error.html.erb within rescues/layout (110.5ms)
  [1m[36mActiveRecord::SchemaMigration Load (0.3ms)[0m  [1mSELECT "schema_migrations".* FROM "schema_migrations"[0m
  [1m[35mActiveRecord::SchemaMigration Load (0.2ms)[0m  SELECT "schema_migrations".* FROM "schema_migrations"
  [1m[36m (2.1ms)[0m  [1mSELECT t2.oid::regclass::text AS to_table, a1.attname AS column, a2.attname AS primary_key, c.conname AS name, c.confupdtype AS on_update, c.confdeltype AS on_delete
FROM pg_constraint c
JOIN pg_class t1 ON c.conrelid = t1.oid
JOIN pg_class t2 ON c.confrelid = t2.oid
JOIN pg_attribute a1 ON a1.attnum = c.conkey[1] AND a1.attrelid = t1.oid
JOIN pg_attribute a2 ON a2.attnum = c.confkey[1] AND a2.attrelid = t2.oid
JOIN pg_namespace t3 ON c.connamespace = t3.oid
WHERE c.contype = 'f'
  AND t1.relname = 'api_keys'
  AND t3.nspname = ANY (current_schemas(false))
ORDER BY c.conname
[0m
  [1m[35m (1.9ms)[0m  SELECT t2.oid::regclass::text AS to_table, a1.attname AS column, a2.attname AS primary_key, c.conname AS name, c.confupdtype AS on_update, c.confdeltype AS on_delete
FROM pg_constraint c
JOIN pg_class t1 ON c.conrelid = t1.oid
JOIN pg_class t2 ON c.confrelid = t2.oid
JOIN pg_attribute a1 ON a1.attnum = c.conkey[1] AND a1.attrelid = t1.oid
JOIN pg_attribute a2 ON a2.attnum = c.confkey[1] AND a2.attrelid = t2.oid
JOIN pg_namespace t3 ON c.connamespace = t3.oid
WHERE c.contype = 'f'
  AND t1.relname = 'statuses'
  AND t3.nspname = ANY (current_schemas(false))
ORDER BY c.conname



Started POST "/api/v1/statuses.json" for 127.0.0.1 at 2015-09-17 16:47:35 -0600

ActionController::RoutingError (The controller-level `respond_to' feature has been extracted to the `responders` gem. Add it to your Gemfile to continue using this feature:
  gem 'responders', '~> 2.0'
Consult the Rails upgrade guide for details.):
  app/controllers/api/v1/statuses_controller.rb:4:in `<class:StatusesController>'
  app/controllers/api/v1/statuses_controller.rb:1:in `<top (required)>'


  Rendered /Users/sarah/.rbenv/versions/2.2.3/lib/ruby/gems/2.2.0/gems/actionpack-4.2.4/lib/action_dispatch/middleware/templates/rescues/_trace.html.erb (1.7ms)
  Rendered /Users/sarah/.rbenv/versions/2.2.3/lib/ruby/gems/2.2.0/gems/actionpack-4.2.4/lib/action_dispatch/middleware/templates/routes/_route.html.erb (0.8ms)
  Rendered /Users/sarah/.rbenv/versions/2.2.3/lib/ruby/gems/2.2.0/gems/actionpack-4.2.4/lib/action_dispatch/middleware/templates/routes/_table.html.erb (1.3ms)
  Rendered /Users/sarah/.rbenv/versions/2.2.3/lib/ruby/gems/2.2.0/gems/actionpack-4.2.4/lib/action_dispatch/middleware/templates/rescues/_request_and_response.html.erb (1.8ms)
  Rendered /Users/sarah/.rbenv/versions/2.2.3/lib/ruby/gems/2.2.0/gems/actionpack-4.2.4/lib/action_dispatch/middleware/templates/rescues/routing_error.html.erb within rescues/layout (75.3ms)


Started POST "/api/v1/statuses.json" for 127.0.0.1 at 2015-09-17 16:48:27 -0600

ActionController::RoutingError (The controller-level `respond_to' feature has been extracted to the `responders` gem. Add it to your Gemfile to continue using this feature:
  gem 'responders', '~> 2.0'
Consult the Rails upgrade guide for details.):
  app/controllers/api/v1/statuses_controller.rb:4:in `<class:StatusesController>'
  app/controllers/api/v1/statuses_controller.rb:1:in `<top (required)>'


  Rendered /Users/sarah/.rbenv/versions/2.2.3/lib/ruby/gems/2.2.0/gems/actionpack-4.2.4/lib/action_dispatch/middleware/templates/rescues/_trace.html.erb (2.0ms)
  Rendered /Users/sarah/.rbenv/versions/2.2.3/lib/ruby/gems/2.2.0/gems/actionpack-4.2.4/lib/action_dispatch/middleware/templates/routes/_route.html.erb (1.1ms)
  Rendered /Users/sarah/.rbenv/versions/2.2.3/lib/ruby/gems/2.2.0/gems/actionpack-4.2.4/lib/action_dispatch/middleware/templates/routes/_table.html.erb (1.2ms)
  Rendered /Users/sarah/.rbenv/versions/2.2.3/lib/ruby/gems/2.2.0/gems/actionpack-4.2.4/lib/action_dispatch/middleware/templates/rescues/_request_and_response.html.erb (1.0ms)
  Rendered /Users/sarah/.rbenv/versions/2.2.3/lib/ruby/gems/2.2.0/gems/actionpack-4.2.4/lib/action_dispatch/middleware/templates/rescues/routing_error.html.erb within rescues/layout (83.5ms)


Started POST "/api/v1/statuses.json" for 127.0.0.1 at 2015-09-17 17:13:25 -0600

ActionController::RoutingError (The controller-level `respond_to' feature has been extracted to the `responders` gem. Add it to your Gemfile to continue using this feature:
  gem 'responders', '~> 2.0'
Consult the Rails upgrade guide for details.):
  app/controllers/api/v1/statuses_controller.rb:4:in `<class:StatusesController>'
  app/controllers/api/v1/statuses_controller.rb:1:in `<top (required)>'


  Rendered /Users/sarah/.rbenv/versions/2.2.3/lib/ruby/gems/2.2.0/gems/actionpack-4.2.4/lib/action_dispatch/middleware/templates/rescues/_trace.html.erb (2.6ms)
  Rendered /Users/sarah/.rbenv/versions/2.2.3/lib/ruby/gems/2.2.0/gems/actionpack-4.2.4/lib/action_dispatch/middleware/templates/routes/_route.html.erb (0.9ms)
  Rendered /Users/sarah/.rbenv/versions/2.2.3/lib/ruby/gems/2.2.0/gems/actionpack-4.2.4/lib/action_dispatch/middleware/templates/routes/_table.html.erb (1.1ms)
  Rendered /Users/sarah/.rbenv/versions/2.2.3/lib/ruby/gems/2.2.0/gems/actionpack-4.2.4/lib/action_dispatch/middleware/templates/rescues/_request_and_response.html.erb (1.2ms)
  Rendered /Users/sarah/.rbenv/versions/2.2.3/lib/ruby/gems/2.2.0/gems/actionpack-4.2.4/lib/action_dispatch/middleware/templates/rescues/routing_error.html.erb within rescues/layout (82.9ms)


Started POST "/api/v1/statuses.json" for 127.0.0.1 at 2015-09-17 17:16:39 -0600

ActionController::RoutingError (The controller-level `respond_to' feature has been extracted to the `responders` gem. Add it to your Gemfile to continue using this feature:
  gem 'responders', '~> 2.0'
Consult the Rails upgrade guide for details.):
  app/controllers/api/v1/statuses_controller.rb:4:in `<class:StatusesController>'
  app/controllers/api/v1/statuses_controller.rb:1:in `<top (required)>'


  Rendered /Users/sarah/.rbenv/versions/2.2.3/lib/ruby/gems/2.2.0/gems/actionpack-4.2.4/lib/action_dispatch/middleware/templates/rescues/_trace.html.erb (3.0ms)
  Rendered /Users/sarah/.rbenv/versions/2.2.3/lib/ruby/gems/2.2.0/gems/actionpack-4.2.4/lib/action_dispatch/middleware/templates/routes/_route.html.erb (1.7ms)
  Rendered /Users/sarah/.rbenv/versions/2.2.3/lib/ruby/gems/2.2.0/gems/actionpack-4.2.4/lib/action_dispatch/middleware/templates/routes/_table.html.erb (1.3ms)
  Rendered /Users/sarah/.rbenv/versions/2.2.3/lib/ruby/gems/2.2.0/gems/actionpack-4.2.4/lib/action_dispatch/middleware/templates/rescues/_request_and_response.html.erb (6.1ms)
  Rendered /Users/sarah/.rbenv/versions/2.2.3/lib/ruby/gems/2.2.0/gems/actionpack-4.2.4/lib/action_dispatch/middleware/templates/rescues/routing_error.html.erb within rescues/layout (105.8ms)


Started POST "/api/v1/statuses.json" for 127.0.0.1 at 2015-09-17 17:17:24 -0600
  [1m[36mActiveRecord::SchemaMigration Load (0.4ms)[0m  [1mSELECT "schema_migrations".* FROM "schema_migrations"[0m
Processing by Api::V1::StatusesController#create as JSON
  Parameters: {"status"=>{"state"=>"down", "message"=>"State oughta be down now"}}
  [1m[35mStatus Load (0.7ms)[0m  SELECT  "statuses".* FROM "statuses" WHERE "statuses"."id" = $1 LIMIT 1  [["id", nil]]
Completed 404 Not Found in 37ms (ActiveRecord: 4.7ms)

ActiveRecord::RecordNotFound (Couldn't find Status with 'id'=):
  app/controllers/api/v1/statuses_controller.rb:27:in `set_status'


  Rendered /Users/sarah/.rbenv/versions/2.2.3/lib/ruby/gems/2.2.0/gems/actionpack-4.2.4/lib/action_dispatch/middleware/templates/rescues/_source.erb (6.5ms)
  Rendered /Users/sarah/.rbenv/versions/2.2.3/lib/ruby/gems/2.2.0/gems/actionpack-4.2.4/lib/action_dispatch/middleware/templates/rescues/_trace.html.erb (1.6ms)
  Rendered /Users/sarah/.rbenv/versions/2.2.3/lib/ruby/gems/2.2.0/gems/actionpack-4.2.4/lib/action_dispatch/middleware/templates/rescues/_request_and_response.html.erb (0.9ms)
  Rendered /Users/sarah/.rbenv/versions/2.2.3/lib/ruby/gems/2.2.0/gems/actionpack-4.2.4/lib/action_dispatch/middleware/templates/rescues/diagnostics.html.erb within rescues/layout (63.9ms)


Started POST "/api/v1/statuses.json" for 127.0.0.1 at 2015-09-17 17:17:49 -0600
Processing by Api::V1::StatusesController#create as JSON
  Parameters: {"status"=>{"state"=>"down", "message"=>"State oughta be down now"}}
  [1m[36mStatus Load (0.2ms)[0m  [1mSELECT  "statuses".* FROM "statuses" WHERE "statuses"."id" = $1 LIMIT 1[0m  [["id", nil]]
Completed 404 Not Found in 1ms (ActiveRecord: 0.2ms)

ActiveRecord::RecordNotFound (Couldn't find Status with 'id'=):
  app/controllers/api/v1/statuses_controller.rb:27:in `set_status'


  Rendered /Users/sarah/.rbenv/versions/2.2.3/lib/ruby/gems/2.2.0/gems/actionpack-4.2.4/lib/action_dispatch/middleware/templates/rescues/_source.erb (3.5ms)
  Rendered /Users/sarah/.rbenv/versions/2.2.3/lib/ruby/gems/2.2.0/gems/actionpack-4.2.4/lib/action_dispatch/middleware/templates/rescues/_trace.html.erb (2.3ms)
  Rendered /Users/sarah/.rbenv/versions/2.2.3/lib/ruby/gems/2.2.0/gems/actionpack-4.2.4/lib/action_dispatch/middleware/templates/rescues/_request_and_response.html.erb (0.8ms)
  Rendered /Users/sarah/.rbenv/versions/2.2.3/lib/ruby/gems/2.2.0/gems/actionpack-4.2.4/lib/action_dispatch/middleware/templates/rescues/diagnostics.html.erb within rescues/layout (56.0ms)


Started POST "/api/v1/statuses.json" for 127.0.0.1 at 2015-09-17 17:25:20 -0600

LoadError (Unable to autoload constant Api::V1::StatusesController, expected /Users/sarah/rails_projects/StatusCheck/app/controllers/api/v1/statuses_controller.rb to define it):
  activesupport (4.2.4) lib/active_support/dependencies.rb:495:in `load_missing_constant'
  activesupport (4.2.4) lib/active_support/dependencies.rb:184:in `const_missing'
  activesupport (4.2.4) lib/active_support/inflector/methods.rb:263:in `const_get'
  activesupport (4.2.4) lib/active_support/inflector/methods.rb:263:in `block in constantize'
  activesupport (4.2.4) lib/active_support/inflector/methods.rb:259:in `each'
  activesupport (4.2.4) lib/active_support/inflector/methods.rb:259:in `inject'
  activesupport (4.2.4) lib/active_support/inflector/methods.rb:259:in `constantize'
  activesupport (4.2.4) lib/active_support/dependencies.rb:566:in `get'
  activesupport (4.2.4) lib/active_support/dependencies.rb:597:in `constantize'
  actionpack (4.2.4) lib/action_dispatch/routing/route_set.rb:72:in `controller_reference'
  actionpack (4.2.4) lib/action_dispatch/routing/route_set.rb:62:in `controller'
  actionpack (4.2.4) lib/action_dispatch/routing/route_set.rb:41:in `serve'
  actionpack (4.2.4) lib/action_dispatch/journey/router.rb:43:in `block in serve'
  actionpack (4.2.4) lib/action_dispatch/journey/router.rb:30:in `each'
  actionpack (4.2.4) lib/action_dispatch/journey/router.rb:30:in `serve'
  actionpack (4.2.4) lib/action_dispatch/routing/route_set.rb:821:in `call'
  rack (1.6.4) lib/rack/etag.rb:24:in `call'
  rack (1.6.4) lib/rack/conditionalget.rb:38:in `call'
  rack (1.6.4) lib/rack/head.rb:13:in `call'
  actionpack (4.2.4) lib/action_dispatch/middleware/params_parser.rb:27:in `call'
  actionpack (4.2.4) lib/action_dispatch/middleware/flash.rb:260:in `call'
  rack (1.6.4) lib/rack/session/abstract/id.rb:225:in `context'
  rack (1.6.4) lib/rack/session/abstract/id.rb:220:in `call'
  actionpack (4.2.4) lib/action_dispatch/middleware/cookies.rb:560:in `call'
  activerecord (4.2.4) lib/active_record/query_cache.rb:36:in `call'
  activerecord (4.2.4) lib/active_record/connection_adapters/abstract/connection_pool.rb:653:in `call'
  activerecord (4.2.4) lib/active_record/migration.rb:377:in `call'
  actionpack (4.2.4) lib/action_dispatch/middleware/callbacks.rb:29:in `block in call'
  activesupport (4.2.4) lib/active_support/callbacks.rb:88:in `__run_callbacks__'
  activesupport (4.2.4) lib/active_support/callbacks.rb:778:in `_run_call_callbacks'
  activesupport (4.2.4) lib/active_support/callbacks.rb:81:in `run_callbacks'
  actionpack (4.2.4) lib/action_dispatch/middleware/callbacks.rb:27:in `call'
  actionpack (4.2.4) lib/action_dispatch/middleware/reloader.rb:73:in `call'
  actionpack (4.2.4) lib/action_dispatch/middleware/remote_ip.rb:78:in `call'
  actionpack (4.2.4) lib/action_dispatch/middleware/debug_exceptions.rb:17:in `call'
  actionpack (4.2.4) lib/action_dispatch/middleware/show_exceptions.rb:30:in `call'
  railties (4.2.4) lib/rails/rack/logger.rb:38:in `call_app'
  railties (4.2.4) lib/rails/rack/logger.rb:20:in `block in call'
  activesupport (4.2.4) lib/active_support/tagged_logging.rb:68:in `block in tagged'
  activesupport (4.2.4) lib/active_support/tagged_logging.rb:26:in `tagged'
  activesupport (4.2.4) lib/active_support/tagged_logging.rb:68:in `tagged'
  railties (4.2.4) lib/rails/rack/logger.rb:20:in `call'
  actionpack (4.2.4) lib/action_dispatch/middleware/request_id.rb:21:in `call'
  rack (1.6.4) lib/rack/methodoverride.rb:22:in `call'
  rack (1.6.4) lib/rack/runtime.rb:18:in `call'
  activesupport (4.2.4) lib/active_support/cache/strategy/local_cache_middleware.rb:28:in `call'
  rack (1.6.4) lib/rack/lock.rb:17:in `call'
  actionpack (4.2.4) lib/action_dispatch/middleware/static.rb:116:in `call'
  rack (1.6.4) lib/rack/sendfile.rb:113:in `call'
  railties (4.2.4) lib/rails/engine.rb:518:in `call'
  railties (4.2.4) lib/rails/application.rb:165:in `call'
  rack (1.6.4) lib/rack/lock.rb:17:in `call'
  rack (1.6.4) lib/rack/content_length.rb:15:in `call'
  rack (1.6.4) lib/rack/handler/webrick.rb:88:in `service'
  /Users/sarah/.rbenv/versions/2.2.3/lib/ruby/2.2.0/webrick/httpserver.rb:138:in `service'
  /Users/sarah/.rbenv/versions/2.2.3/lib/ruby/2.2.0/webrick/httpserver.rb:94:in `run'
  /Users/sarah/.rbenv/versions/2.2.3/lib/ruby/2.2.0/webrick/server.rb:294:in `block in start_thread'


  Rendered /Users/sarah/.rbenv/versions/2.2.3/lib/ruby/gems/2.2.0/gems/actionpack-4.2.4/lib/action_dispatch/middleware/templates/rescues/_source.erb (3.1ms)
  Rendered /Users/sarah/.rbenv/versions/2.2.3/lib/ruby/gems/2.2.0/gems/actionpack-4.2.4/lib/action_dispatch/middleware/templates/rescues/_trace.html.erb (1.9ms)
  Rendered /Users/sarah/.rbenv/versions/2.2.3/lib/ruby/gems/2.2.0/gems/actionpack-4.2.4/lib/action_dispatch/middleware/templates/rescues/_request_and_response.html.erb (0.9ms)
  Rendered /Users/sarah/.rbenv/versions/2.2.3/lib/ruby/gems/2.2.0/gems/actionpack-4.2.4/lib/action_dispatch/middleware/templates/rescues/diagnostics.html.erb within rescues/layout (64.9ms)


Started POST "/api/v1/statuses.json" for 127.0.0.1 at 2015-09-17 17:25:53 -0600
Processing by Api::V1::StatusesController#create as JSON
  Parameters: {"{\"status\": {\"state\": \"down\", \"message\": \"State oughta be down now\"}}"=>nil}
  Rendered text template (0.0ms)
Filter chain halted as :authenticate rendered or redirected
Completed 401 Unauthorized in 3ms (Views: 2.3ms | ActiveRecord: 0.0ms)
